{"C:\\Users\\dshp3\\BunkerGame\\automation-client\\src\\core\\llm\\LLMManager.ts": {"path":"C:\\Users\\dshp3\\BunkerGame\\automation-client\\src\\core\\llm\\LLMManager.ts","statementMap":{"0":{"start":{"line":7,"column":22},"end":{"line":7,"column":52}},"1":{"start":{"line":8,"column":46},"end":{"line":8,"column":null}},"2":{"start":{"line":10,"column":44},"end":{"line":17,"column":null}},"3":{"start":{"line":24,"column":4},"end":{"line":24,"column":null}},"4":{"start":{"line":25,"column":4},"end":{"line":25,"column":null}},"5":{"start":{"line":26,"column":4},"end":{"line":26,"column":null}},"6":{"start":{"line":30,"column":4},"end":{"line":30,"column":null}},"7":{"start":{"line":31,"column":4},"end":{"line":31,"column":null}},"8":{"start":{"line":31,"column":34},"end":{"line":31,"column":null}},"9":{"start":{"line":35,"column":4},"end":{"line":36,"column":null}},"10":{"start":{"line":36,"column":6},"end":{"line":36,"column":null}},"11":{"start":{"line":38,"column":4},"end":{"line":38,"column":null}},"12":{"start":{"line":42,"column":4},"end":{"line":42,"column":null}},"13":{"start":{"line":46,"column":4},"end":{"line":46,"column":null}},"14":{"start":{"line":50,"column":4},"end":{"line":50,"column":null}},"15":{"start":{"line":50,"column":34},"end":{"line":50,"column":null}},"16":{"start":{"line":52,"column":23},"end":{"line":52,"column":47}},"17":{"start":{"line":54,"column":16},"end":{"line":54,"column":null}},"18":{"start":{"line":54,"column":45},"end":{"line":54,"column":65}},"19":{"start":{"line":55,"column":17},"end":{"line":59,"column":20}},"20":{"start":{"line":56,"column":21},"end":{"line":56,"column":39}},"21":{"start":{"line":57,"column":18},"end":{"line":57,"column":28}},"22":{"start":{"line":60,"column":4},"end":{"line":62,"column":null}},"23":{"start":{"line":61,"column":56},"end":{"line":61,"column":63}},"24":{"start":{"line":63,"column":4},"end":{"line":68,"column":null}},"25":{"start":{"line":70,"column":27},"end":{"line":70,"column":null}},"26":{"start":{"line":72,"column":23},"end":{"line":72,"column":null}},"27":{"start":{"line":73,"column":4},"end":{"line":97,"column":null}},"28":{"start":{"line":74,"column":23},"end":{"line":74,"column":null}},"29":{"start":{"line":75,"column":24},"end":{"line":75,"column":71}},"30":{"start":{"line":75,"column":65},"end":{"line":75,"column":71}},"31":{"start":{"line":76,"column":6},"end":{"line":80,"column":null}},"32":{"start":{"line":77,"column":8},"end":{"line":79,"column":null}},"33":{"start":{"line":80,"column":8},"end":{"line":80,"column":null}},"34":{"start":{"line":83,"column":6},"end":{"line":83,"column":null}},"35":{"start":{"line":85,"column":6},"end":{"line":97,"column":null}},"36":{"start":{"line":86,"column":8},"end":{"line":86,"column":null}},"37":{"start":{"line":88,"column":8},"end":{"line":88,"column":null}},"38":{"start":{"line":89,"column":20},"end":{"line":89,"column":null}},"39":{"start":{"line":90,"column":21},"end":{"line":90,"column":56}},"40":{"start":{"line":91,"column":8},"end":{"line":93,"column":null}},"41":{"start":{"line":96,"column":8},"end":{"line":97,"column":null}},"42":{"start":{"line":97,"column":10},"end":{"line":97,"column":null}},"43":{"start":{"line":102,"column":4},"end":{"line":102,"column":null}},"44":{"start":{"line":106,"column":4},"end":{"line":106,"column":null}},"45":{"start":{"line":106,"column":34},"end":{"line":106,"column":null}},"46":{"start":{"line":107,"column":19},"end":{"line":107,"column":null}},"47":{"start":{"line":108,"column":25},"end":{"line":110,"column":null}},"48":{"start":{"line":110,"column":50},"end":{"line":110,"column":63}},"49":{"start":{"line":114,"column":4},"end":{"line":115,"column":null}},"50":{"start":{"line":115,"column":6},"end":{"line":115,"column":null}},"51":{"start":{"line":115,"column":40},"end":{"line":115,"column":null}},"52":{"start":{"line":118,"column":37},"end":{"line":118,"column":39}},"53":{"start":{"line":119,"column":4},"end":{"line":121,"column":null}},"54":{"start":{"line":120,"column":16},"end":{"line":120,"column":40}},"55":{"start":{"line":121,"column":6},"end":{"line":121,"column":null}},"56":{"start":{"line":121,"column":13},"end":{"line":121,"column":null}},"57":{"start":{"line":123,"column":4},"end":{"line":124,"column":null}},"58":{"start":{"line":124,"column":6},"end":{"line":124,"column":null}},"59":{"start":{"line":126,"column":4},"end":{"line":126,"column":null}},"60":{"start":{"line":130,"column":4},"end":{"line":130,"column":null}},"61":{"start":{"line":138,"column":29},"end":{"line":138,"column":null}},"62":{"start":{"line":139,"column":4},"end":{"line":160,"column":null}},"63":{"start":{"line":139,"column":23},"end":{"line":139,"column":26}},"64":{"start":{"line":140,"column":6},"end":{"line":160,"column":null}},"65":{"start":{"line":141,"column":20},"end":{"line":144,"column":null}},"66":{"start":{"line":146,"column":24},"end":{"line":146,"column":71}},"67":{"start":{"line":147,"column":8},"end":{"line":149,"column":null}},"68":{"start":{"line":150,"column":8},"end":{"line":150,"column":null}},"69":{"start":{"line":152,"column":8},"end":{"line":152,"column":null}},"70":{"start":{"line":153,"column":24},"end":{"line":153,"column":null}},"71":{"start":{"line":154,"column":21},"end":{"line":154,"column":61}},"72":{"start":{"line":155,"column":8},"end":{"line":157,"column":null}},"73":{"start":{"line":159,"column":8},"end":{"line":159,"column":null}},"74":{"start":{"line":159,"column":74},"end":{"line":159,"column":null}},"75":{"start":{"line":160,"column":8},"end":{"line":160,"column":null}},"76":{"start":{"line":160,"column":33},"end":{"line":160,"column":55}},"77":{"start":{"line":163,"column":4},"end":{"line":165,"column":null}},"78":{"start":{"line":174,"column":4},"end":{"line":185,"column":null}},"79":{"start":{"line":176,"column":8},"end":{"line":176,"column":null}},"80":{"start":{"line":176,"column":19},"end":{"line":176,"column":null}},"81":{"start":{"line":179,"column":8},"end":{"line":183,"column":null}},"82":{"start":{"line":180,"column":22},"end":{"line":180,"column":72}},"83":{"start":{"line":181,"column":11},"end":{"line":181,"column":null}},"84":{"start":{"line":182,"column":10},"end":{"line":182,"column":null}},"85":{"start":{"line":189,"column":17},"end":{"line":189,"column":null}},"86":{"start":{"line":190,"column":4},"end":{"line":198,"column":null}},"87":{"start":{"line":191,"column":6},"end":{"line":198,"column":null}},"88":{"start":{"line":198,"column":8},"end":{"line":198,"column":null}},"89":{"start":{"line":202,"column":16},"end":{"line":202,"column":null}},"90":{"start":{"line":203,"column":4},"end":{"line":209,"column":null}},"91":{"start":{"line":209,"column":6},"end":{"line":209,"column":null}},"92":{"start":{"line":210,"column":4},"end":{"line":210,"column":null}},"93":{"start":{"line":210,"column":70},"end":{"line":210,"column":null}},"94":{"start":{"line":211,"column":4},"end":{"line":211,"column":null}},"95":{"start":{"line":211,"column":33},"end":{"line":211,"column":null}},"96":{"start":{"line":212,"column":4},"end":{"line":217,"column":null}},"97":{"start":{"line":217,"column":6},"end":{"line":217,"column":null}},"98":{"start":{"line":218,"column":4},"end":{"line":218,"column":null}},"99":{"start":{"line":218,"column":54},"end":{"line":218,"column":null}},"100":{"start":{"line":219,"column":4},"end":{"line":219,"column":null}}},"fnMap":{"0":{"name":"(anonymous_0)","decl":{"start":{"line":23,"column":2},"end":{"line":23,"column":14}},"loc":{"start":{"line":23,"column":45},"end":{"line":26,"column":null}},"line":23},"1":{"name":"(anonymous_1)","decl":{"start":{"line":29,"column":2},"end":{"line":29,"column":19}},"loc":{"start":{"line":29,"column":42},"end":{"line":31,"column":null}},"line":29},"2":{"name":"(anonymous_2)","decl":{"start":{"line":34,"column":2},"end":{"line":34,"column":20}},"loc":{"start":{"line":34,"column":34},"end":{"line":38,"column":null}},"line":34},"3":{"name":"(anonymous_3)","decl":{"start":{"line":41,"column":2},"end":{"line":41,"column":27}},"loc":{"start":{"line":41,"column":44},"end":{"line":42,"column":null}},"line":41},"4":{"name":"(anonymous_4)","decl":{"start":{"line":45,"column":2},"end":{"line":45,"column":26}},"loc":{"start":{"line":45,"column":26},"end":{"line":46,"column":null}},"line":45},"5":{"name":"(anonymous_5)","decl":{"start":{"line":49,"column":8},"end":{"line":49,"column":17}},"loc":{"start":{"line":49,"column":73},"end":{"line":102,"column":null}},"line":49},"6":{"name":"(anonymous_6)","decl":{"start":{"line":54,"column":33},"end":{"line":54,"column":39}},"loc":{"start":{"line":54,"column":45},"end":{"line":54,"column":65}},"line":54},"7":{"name":"(anonymous_7)","decl":{"start":{"line":56,"column":7},"end":{"line":56,"column":15}},"loc":{"start":{"line":56,"column":21},"end":{"line":56,"column":39}},"line":56},"8":{"name":"(anonymous_8)","decl":{"start":{"line":57,"column":7},"end":{"line":57,"column":12}},"loc":{"start":{"line":57,"column":18},"end":{"line":57,"column":28}},"line":57},"9":{"name":"(anonymous_9)","decl":{"start":{"line":61,"column":45},"end":{"line":61,"column":50}},"loc":{"start":{"line":61,"column":56},"end":{"line":61,"column":63}},"line":61},"10":{"name":"(anonymous_10)","decl":{"start":{"line":75,"column":53},"end":{"line":75,"column":65}},"loc":{"start":{"line":75,"column":65},"end":{"line":75,"column":71}},"line":75},"11":{"name":"(anonymous_11)","decl":{"start":{"line":105,"column":2},"end":{"line":105,"column":10}},"loc":{"start":{"line":105,"column":45},"end":{"line":126,"column":null}},"line":105},"12":{"name":"(anonymous_12)","decl":{"start":{"line":110,"column":36},"end":{"line":110,"column":44}},"loc":{"start":{"line":110,"column":50},"end":{"line":110,"column":63}},"line":110},"13":{"name":"(anonymous_13)","decl":{"start":{"line":129,"column":2},"end":{"line":129,"column":10}},"loc":{"start":{"line":129,"column":60},"end":{"line":130,"column":null}},"line":129},"14":{"name":"(anonymous_14)","decl":{"start":{"line":133,"column":16},"end":{"line":133,"column":null}},"loc":{"start":{"line":137,"column":26},"end":{"line":165,"column":null}},"line":137},"15":{"name":"(anonymous_15)","decl":{"start":{"line":160,"column":18},"end":{"line":160,"column":27}},"loc":{"start":{"line":160,"column":33},"end":{"line":160,"column":55}},"line":160},"16":{"name":"(anonymous_16)","decl":{"start":{"line":168,"column":16},"end":{"line":168,"column":null}},"loc":{"start":{"line":172,"column":16},"end":{"line":185,"column":null}},"line":172},"17":{"name":"(anonymous_17)","decl":{"start":{"line":175,"column":8},"end":{"line":175,"column":22}},"loc":{"start":{"line":175,"column":22},"end":{"line":177,"column":null}},"line":175},"18":{"name":"(anonymous_18)","decl":{"start":{"line":178,"column":10},"end":{"line":178,"column":22}},"loc":{"start":{"line":178,"column":36},"end":{"line":184,"column":null}},"line":178},"19":{"name":"(anonymous_19)","decl":{"start":{"line":179,"column":16},"end":{"line":179,"column":33}},"loc":{"start":{"line":179,"column":33},"end":{"line":183,"column":21}},"line":179},"20":{"name":"(anonymous_20)","decl":{"start":{"line":188,"column":2},"end":{"line":188,"column":10}},"loc":{"start":{"line":188,"column":60},"end":{"line":219,"column":null}},"line":188}},"branchMap":{"0":{"loc":{"start":{"line":31,"column":4},"end":{"line":31,"column":null}},"type":"if","locations":[{"start":{"line":31,"column":4},"end":{"line":31,"column":null}},{"start":{},"end":{}}],"line":31},"1":{"loc":{"start":{"line":35,"column":4},"end":{"line":36,"column":null}},"type":"if","locations":[{"start":{"line":35,"column":4},"end":{"line":36,"column":null}},{"start":{},"end":{}}],"line":35},"2":{"loc":{"start":{"line":49,"column":38},"end":{"line":49,"column":73}},"type":"default-arg","locations":[{"start":{"line":49,"column":48},"end":{"line":49,"column":73}}],"line":49},"3":{"loc":{"start":{"line":50,"column":4},"end":{"line":50,"column":null}},"type":"if","locations":[{"start":{"line":50,"column":4},"end":{"line":50,"column":null}},{"start":{},"end":{}}],"line":50},"4":{"loc":{"start":{"line":54,"column":16},"end":{"line":54,"column":null}},"type":"binary-expr","locations":[{"start":{"line":54,"column":16},"end":{"line":54,"column":78}},{"start":{"line":54,"column":78},"end":{"line":54,"column":null}}],"line":54},"5":{"loc":{"start":{"line":76,"column":6},"end":{"line":80,"column":null}},"type":"if","locations":[{"start":{"line":76,"column":6},"end":{"line":80,"column":null}},{"start":{},"end":{}}],"line":76},"6":{"loc":{"start":{"line":92,"column":83},"end":{"line":92,"column":108}},"type":"binary-expr","locations":[{"start":{"line":92,"column":83},"end":{"line":92,"column":99}},{"start":{"line":92,"column":99},"end":{"line":92,"column":108}}],"line":92},"7":{"loc":{"start":{"line":96,"column":8},"end":{"line":97,"column":null}},"type":"if","locations":[{"start":{"line":96,"column":8},"end":{"line":97,"column":null}},{"start":{},"end":{}}],"line":96},"8":{"loc":{"start":{"line":102,"column":10},"end":{"line":102,"column":78}},"type":"cond-expr","locations":[{"start":{"line":102,"column":37},"end":{"line":102,"column":47}},{"start":{"line":102,"column":47},"end":{"line":102,"column":78}}],"line":102},"9":{"loc":{"start":{"line":106,"column":4},"end":{"line":106,"column":null}},"type":"if","locations":[{"start":{"line":106,"column":4},"end":{"line":106,"column":null}},{"start":{},"end":{}}],"line":106},"10":{"loc":{"start":{"line":115,"column":6},"end":{"line":115,"column":null}},"type":"if","locations":[{"start":{"line":115,"column":6},"end":{"line":115,"column":null}},{"start":{},"end":{}}],"line":115},"11":{"loc":{"start":{"line":121,"column":6},"end":{"line":121,"column":null}},"type":"if","locations":[{"start":{"line":121,"column":6},"end":{"line":121,"column":null}},{"start":{},"end":{}}],"line":121},"12":{"loc":{"start":{"line":123,"column":4},"end":{"line":124,"column":null}},"type":"if","locations":[{"start":{"line":123,"column":4},"end":{"line":124,"column":null}},{"start":{},"end":{}}],"line":123},"13":{"loc":{"start":{"line":130,"column":11},"end":{"line":130,"column":null}},"type":"binary-expr","locations":[{"start":{"line":130,"column":11},"end":{"line":130,"column":33}},{"start":{"line":130,"column":33},"end":{"line":130,"column":53}},{"start":{"line":130,"column":53},"end":{"line":130,"column":75}},{"start":{"line":130,"column":75},"end":{"line":130,"column":null}}],"line":130},"14":{"loc":{"start":{"line":159,"column":8},"end":{"line":159,"column":null}},"type":"if","locations":[{"start":{"line":159,"column":8},"end":{"line":159,"column":null}},{"start":{},"end":{}}],"line":159},"15":{"loc":{"start":{"line":159,"column":12},"end":{"line":159,"column":74}},"type":"binary-expr","locations":[{"start":{"line":159,"column":12},"end":{"line":159,"column":38}},{"start":{"line":159,"column":38},"end":{"line":159,"column":58}},{"start":{"line":159,"column":58},"end":{"line":159,"column":74}}],"line":159},"16":{"loc":{"start":{"line":163,"column":10},"end":{"line":165,"column":39}},"type":"cond-expr","locations":[{"start":{"line":164,"column":8},"end":{"line":164,"column":null}},{"start":{"line":165,"column":8},"end":{"line":165,"column":39}}],"line":163},"17":{"loc":{"start":{"line":176,"column":8},"end":{"line":176,"column":null}},"type":"if","locations":[{"start":{"line":176,"column":8},"end":{"line":176,"column":null}},{"start":{},"end":{}}],"line":176},"18":{"loc":{"start":{"line":190,"column":4},"end":{"line":198,"column":null}},"type":"if","locations":[{"start":{"line":190,"column":4},"end":{"line":198,"column":null}},{"start":{},"end":{}}],"line":190},"19":{"loc":{"start":{"line":191,"column":6},"end":{"line":198,"column":null}},"type":"if","locations":[{"start":{"line":191,"column":6},"end":{"line":198,"column":null}},{"start":{},"end":{}}],"line":191},"20":{"loc":{"start":{"line":192,"column":8},"end":{"line":196,"column":null}},"type":"binary-expr","locations":[{"start":{"line":192,"column":8},"end":{"line":192,"column":null}},{"start":{"line":193,"column":8},"end":{"line":193,"column":null}},{"start":{"line":194,"column":8},"end":{"line":194,"column":null}},{"start":{"line":195,"column":8},"end":{"line":195,"column":null}},{"start":{"line":196,"column":8},"end":{"line":196,"column":null}}],"line":192},"21":{"loc":{"start":{"line":202,"column":16},"end":{"line":202,"column":null}},"type":"cond-expr","locations":[{"start":{"line":202,"column":31},"end":{"line":202,"column":64}},{"start":{"line":202,"column":67},"end":{"line":202,"column":null}}],"line":202},"22":{"loc":{"start":{"line":203,"column":4},"end":{"line":209,"column":null}},"type":"if","locations":[{"start":{"line":203,"column":4},"end":{"line":209,"column":null}},{"start":{},"end":{}}],"line":203},"23":{"loc":{"start":{"line":204,"column":6},"end":{"line":207,"column":25}},"type":"binary-expr","locations":[{"start":{"line":204,"column":6},"end":{"line":204,"column":29}},{"start":{"line":205,"column":6},"end":{"line":205,"column":34}},{"start":{"line":206,"column":6},"end":{"line":206,"column":30}},{"start":{"line":207,"column":6},"end":{"line":207,"column":25}}],"line":204},"24":{"loc":{"start":{"line":210,"column":4},"end":{"line":210,"column":null}},"type":"if","locations":[{"start":{"line":210,"column":4},"end":{"line":210,"column":null}},{"start":{},"end":{}}],"line":210},"25":{"loc":{"start":{"line":210,"column":8},"end":{"line":210,"column":68}},"type":"binary-expr","locations":[{"start":{"line":210,"column":8},"end":{"line":210,"column":39}},{"start":{"line":210,"column":43},"end":{"line":210,"column":68}}],"line":210},"26":{"loc":{"start":{"line":211,"column":4},"end":{"line":211,"column":null}},"type":"if","locations":[{"start":{"line":211,"column":4},"end":{"line":211,"column":null}},{"start":{},"end":{}}],"line":211},"27":{"loc":{"start":{"line":212,"column":4},"end":{"line":217,"column":null}},"type":"if","locations":[{"start":{"line":212,"column":4},"end":{"line":217,"column":null}},{"start":{},"end":{}}],"line":212},"28":{"loc":{"start":{"line":213,"column":6},"end":{"line":215,"column":26}},"type":"binary-expr","locations":[{"start":{"line":213,"column":6},"end":{"line":213,"column":29}},{"start":{"line":214,"column":6},"end":{"line":214,"column":37}},{"start":{"line":215,"column":6},"end":{"line":215,"column":26}}],"line":213},"29":{"loc":{"start":{"line":218,"column":4},"end":{"line":218,"column":null}},"type":"if","locations":[{"start":{"line":218,"column":4},"end":{"line":218,"column":null}},{"start":{},"end":{}}],"line":218}},"s":{"0":2,"1":2,"2":2,"3":2,"4":2,"5":2,"6":2,"7":2,"8":1,"9":1,"10":0,"11":1,"12":0,"13":0,"14":2,"15":1,"16":1,"17":1,"18":1,"19":2,"20":1,"21":1,"22":2,"23":2,"24":2,"25":2,"26":2,"27":2,"28":2,"29":2,"30":0,"31":2,"32":1,"33":1,"34":1,"35":1,"36":1,"37":0,"38":0,"39":0,"40":0,"41":0,"42":0,"43":0,"44":1,"45":0,"46":1,"47":1,"48":6,"49":1,"50":2,"51":1,"52":1,"53":1,"54":8,"55":8,"56":2,"57":1,"58":0,"59":1,"60":0,"61":1,"62":1,"63":1,"64":1,"65":1,"66":1,"67":1,"68":1,"69":0,"70":0,"71":0,"72":0,"73":0,"74":0,"75":0,"76":0,"77":0,"78":1,"79":1,"80":1,"81":1,"82":0,"83":0,"84":0,"85":0,"86":0,"87":0,"88":0,"89":0,"90":0,"91":0,"92":0,"93":0,"94":0,"95":0,"96":0,"97":0,"98":0,"99":0,"100":0},"f":{"0":2,"1":2,"2":1,"3":0,"4":0,"5":2,"6":1,"7":1,"8":1,"9":2,"10":0,"11":1,"12":6,"13":0,"14":1,"15":0,"16":1,"17":1,"18":1,"19":0,"20":0},"b":{"0":[1,1],"1":[0,1],"2":[2],"3":[1,1],"4":[1,1],"5":[1,1],"6":[0,0],"7":[0,0],"8":[0,0],"9":[0,1],"10":[1,1],"11":[2,6],"12":[0,1],"13":[0,0,0,0],"14":[0,0],"15":[0,0,0],"16":[0,0],"17":[1,0],"18":[0,0],"19":[0,0],"20":[0,0,0,0,0],"21":[0,0],"22":[0,0],"23":[0,0,0,0],"24":[0,0],"25":[0,0],"26":[0,0],"27":[0,0],"28":[0,0,0],"29":[0,0]},"meta":{"lastBranch":30,"lastFunction":21,"lastStatement":101,"seen":{"s:7:22:7:52":0,"s:8:46:8:Infinity":1,"s:10:44:17:Infinity":2,"f:23:2:23:14":0,"s:24:4:24:Infinity":3,"s:25:4:25:Infinity":4,"s:26:4:26:Infinity":5,"f:29:2:29:19":1,"s:30:4:30:Infinity":6,"b:31:4:31:Infinity:undefined:undefined:undefined:undefined":0,"s:31:4:31:Infinity":7,"s:31:34:31:Infinity":8,"f:34:2:34:20":2,"b:35:4:36:Infinity:undefined:undefined:undefined:undefined":1,"s:35:4:36:Infinity":9,"s:36:6:36:Infinity":10,"s:38:4:38:Infinity":11,"f:41:2:41:27":3,"s:42:4:42:Infinity":12,"f:45:2:45:26":4,"s:46:4:46:Infinity":13,"f:49:8:49:17":5,"b:49:48:49:73":2,"b:50:4:50:Infinity:undefined:undefined:undefined:undefined":3,"s:50:4:50:Infinity":14,"s:50:34:50:Infinity":15,"s:52:23:52:47":16,"s:54:16:54:Infinity":17,"b:54:16:54:78:54:78:54:Infinity":4,"f:54:33:54:39":6,"s:54:45:54:65":18,"s:55:17:59:20":19,"f:56:7:56:15":7,"s:56:21:56:39":20,"f:57:7:57:12":8,"s:57:18:57:28":21,"s:60:4:62:Infinity":22,"f:61:45:61:50":9,"s:61:56:61:63":23,"s:63:4:68:Infinity":24,"s:70:27:70:Infinity":25,"s:72:23:72:Infinity":26,"s:73:4:97:Infinity":27,"s:74:23:74:Infinity":28,"s:75:24:75:71":29,"f:75:53:75:65":10,"s:75:65:75:71":30,"b:76:6:80:Infinity:undefined:undefined:undefined:undefined":5,"s:76:6:80:Infinity":31,"s:77:8:79:Infinity":32,"s:80:8:80:Infinity":33,"s:83:6:83:Infinity":34,"s:85:6:97:Infinity":35,"s:86:8:86:Infinity":36,"s:88:8:88:Infinity":37,"s:89:20:89:Infinity":38,"s:90:21:90:56":39,"s:91:8:93:Infinity":40,"b:92:83:92:99:92:99:92:108":6,"b:96:8:97:Infinity:undefined:undefined:undefined:undefined":7,"s:96:8:97:Infinity":41,"s:97:10:97:Infinity":42,"s:102:4:102:Infinity":43,"b:102:37:102:47:102:47:102:78":8,"f:105:2:105:10":11,"b:106:4:106:Infinity:undefined:undefined:undefined:undefined":9,"s:106:4:106:Infinity":44,"s:106:34:106:Infinity":45,"s:107:19:107:Infinity":46,"s:108:25:110:Infinity":47,"f:110:36:110:44":12,"s:110:50:110:63":48,"s:114:4:115:Infinity":49,"b:115:6:115:Infinity:undefined:undefined:undefined:undefined":10,"s:115:6:115:Infinity":50,"s:115:40:115:Infinity":51,"s:118:37:118:39":52,"s:119:4:121:Infinity":53,"s:120:16:120:40":54,"b:121:6:121:Infinity:undefined:undefined:undefined:undefined":11,"s:121:6:121:Infinity":55,"s:121:13:121:Infinity":56,"b:123:4:124:Infinity:undefined:undefined:undefined:undefined":12,"s:123:4:124:Infinity":57,"s:124:6:124:Infinity":58,"s:126:4:126:Infinity":59,"f:129:2:129:10":13,"s:130:4:130:Infinity":60,"b:130:11:130:33:130:33:130:53:130:53:130:75:130:75:130:Infinity":13,"f:133:16:133:Infinity":14,"s:138:29:138:Infinity":61,"s:139:4:160:Infinity":62,"s:139:23:139:26":63,"s:140:6:160:Infinity":64,"s:141:20:144:Infinity":65,"s:146:24:146:71":66,"s:147:8:149:Infinity":67,"s:150:8:150:Infinity":68,"s:152:8:152:Infinity":69,"s:153:24:153:Infinity":70,"s:154:21:154:61":71,"s:155:8:157:Infinity":72,"b:159:8:159:Infinity:undefined:undefined:undefined:undefined":14,"s:159:8:159:Infinity":73,"b:159:12:159:38:159:38:159:58:159:58:159:74":15,"s:159:74:159:Infinity":74,"s:160:8:160:Infinity":75,"f:160:18:160:27":15,"s:160:33:160:55":76,"s:163:4:165:Infinity":77,"b:164:8:164:Infinity:165:8:165:39":16,"f:168:16:168:Infinity":16,"s:174:4:185:Infinity":78,"f:175:8:175:22":17,"b:176:8:176:Infinity:undefined:undefined:undefined:undefined":17,"s:176:8:176:Infinity":79,"s:176:19:176:Infinity":80,"f:178:10:178:22":18,"s:179:8:183:Infinity":81,"f:179:16:179:33":19,"s:180:22:180:72":82,"s:181:11:181:Infinity":83,"s:182:10:182:Infinity":84,"f:188:2:188:10":20,"s:189:17:189:Infinity":85,"b:190:4:198:Infinity:undefined:undefined:undefined:undefined":18,"s:190:4:198:Infinity":86,"b:191:6:198:Infinity:undefined:undefined:undefined:undefined":19,"s:191:6:198:Infinity":87,"b:192:8:192:Infinity:193:8:193:Infinity:194:8:194:Infinity:195:8:195:Infinity:196:8:196:Infinity":20,"s:198:8:198:Infinity":88,"s:202:16:202:Infinity":89,"b:202:31:202:64:202:67:202:Infinity":21,"b:203:4:209:Infinity:undefined:undefined:undefined:undefined":22,"s:203:4:209:Infinity":90,"b:204:6:204:29:205:6:205:34:206:6:206:30:207:6:207:25":23,"s:209:6:209:Infinity":91,"b:210:4:210:Infinity:undefined:undefined:undefined:undefined":24,"s:210:4:210:Infinity":92,"b:210:8:210:39:210:43:210:68":25,"s:210:70:210:Infinity":93,"b:211:4:211:Infinity:undefined:undefined:undefined:undefined":26,"s:211:4:211:Infinity":94,"s:211:33:211:Infinity":95,"b:212:4:217:Infinity:undefined:undefined:undefined:undefined":27,"s:212:4:217:Infinity":96,"b:213:6:213:29:214:6:214:37:215:6:215:26":28,"s:217:6:217:Infinity":97,"b:218:4:218:Infinity:undefined:undefined:undefined:undefined":29,"s:218:4:218:Infinity":98,"s:218:54:218:Infinity":99,"s:219:4:219:Infinity":100}}}
,"C:\\Users\\dshp3\\BunkerGame\\automation-client\\src\\core\\llm\\providers\\OllamaProvider.ts": {"path":"C:\\Users\\dshp3\\BunkerGame\\automation-client\\src\\core\\llm\\providers\\OllamaProvider.ts","statementMap":{"0":{"start":{"line":7,"column":9},"end":{"line":7,"column":null}},"1":{"start":{"line":10,"column":12},"end":{"line":10,"column":22}},"2":{"start":{"line":11,"column":12},"end":{"line":11,"column":27}},"3":{"start":{"line":15,"column":4},"end":{"line":15,"column":null}},"4":{"start":{"line":20,"column":4},"end":{"line":20,"column":null}},"5":{"start":{"line":20,"column":23},"end":{"line":20,"column":null}},"6":{"start":{"line":22,"column":4},"end":{"line":26,"column":null}},"7":{"start":{"line":23,"column":18},"end":{"line":23,"column":76}},"8":{"start":{"line":24,"column":6},"end":{"line":24,"column":null}},"9":{"start":{"line":26,"column":6},"end":{"line":26,"column":null}},"10":{"start":{"line":31,"column":4},"end":{"line":31,"column":null}},"11":{"start":{"line":36,"column":18},"end":{"line":36,"column":null}},"12":{"start":{"line":38,"column":19},"end":{"line":41,"column":17}},"13":{"start":{"line":39,"column":21},"end":{"line":39,"column":41}},"14":{"start":{"line":40,"column":18},"end":{"line":40,"column":28}},"15":{"start":{"line":42,"column":17},"end":{"line":45,"column":17}},"16":{"start":{"line":43,"column":21},"end":{"line":43,"column":39}},"17":{"start":{"line":44,"column":18},"end":{"line":44,"column":28}},"18":{"start":{"line":47,"column":19},"end":{"line":47,"column":null}},"19":{"start":{"line":50,"column":16},"end":{"line":62,"column":6}},"20":{"start":{"line":64,"column":4},"end":{"line":68,"column":null}},"21":{"start":{"line":65,"column":19},"end":{"line":65,"column":35}},"22":{"start":{"line":66,"column":18},"end":{"line":66,"column":77}},"23":{"start":{"line":67,"column":7},"end":{"line":67,"column":null}},"24":{"start":{"line":68,"column":6},"end":{"line":68,"column":null}},"25":{"start":{"line":71,"column":18},"end":{"line":71,"column":34}},"26":{"start":{"line":72,"column":20},"end":{"line":72,"column":null}},"27":{"start":{"line":74,"column":4},"end":{"line":79,"column":null}}},"fnMap":{"0":{"name":"(anonymous_0)","decl":{"start":{"line":9,"column":2},"end":{"line":9,"column":null}},"loc":{"start":{"line":12,"column":4},"end":{"line":11,"column":27}},"line":12},"1":{"name":"(anonymous_1)","decl":{"start":{"line":14,"column":2},"end":{"line":14,"column":10}},"loc":{"start":{"line":14,"column":22},"end":{"line":15,"column":null}},"line":14},"2":{"name":"(anonymous_2)","decl":{"start":{"line":19,"column":8},"end":{"line":19,"column":40}},"loc":{"start":{"line":19,"column":40},"end":{"line":26,"column":null}},"line":19},"3":{"name":"(anonymous_3)","decl":{"start":{"line":30,"column":8},"end":{"line":30,"column":48}},"loc":{"start":{"line":30,"column":48},"end":{"line":31,"column":null}},"line":30},"4":{"name":"(anonymous_4)","decl":{"start":{"line":34,"column":8},"end":{"line":34,"column":17}},"loc":{"start":{"line":34,"column":60},"end":{"line":79,"column":null}},"line":34},"5":{"name":"(anonymous_5)","decl":{"start":{"line":39,"column":7},"end":{"line":39,"column":15}},"loc":{"start":{"line":39,"column":21},"end":{"line":39,"column":41}},"line":39},"6":{"name":"(anonymous_6)","decl":{"start":{"line":40,"column":7},"end":{"line":40,"column":12}},"loc":{"start":{"line":40,"column":18},"end":{"line":40,"column":28}},"line":40},"7":{"name":"(anonymous_7)","decl":{"start":{"line":43,"column":7},"end":{"line":43,"column":15}},"loc":{"start":{"line":43,"column":21},"end":{"line":43,"column":39}},"line":43},"8":{"name":"(anonymous_8)","decl":{"start":{"line":44,"column":7},"end":{"line":44,"column":12}},"loc":{"start":{"line":44,"column":18},"end":{"line":44,"column":28}},"line":44}},"branchMap":{"0":{"loc":{"start":{"line":10,"column":4},"end":{"line":10,"column":null}},"type":"default-arg","locations":[{"start":{"line":10,"column":22},"end":{"line":10,"column":null}}],"line":10},"1":{"loc":{"start":{"line":11,"column":4},"end":{"line":11,"column":null}},"type":"default-arg","locations":[{"start":{"line":11,"column":27},"end":{"line":11,"column":null}}],"line":11},"2":{"loc":{"start":{"line":15,"column":11},"end":{"line":15,"column":null}},"type":"binary-expr","locations":[{"start":{"line":15,"column":11},"end":{"line":15,"column":44}},{"start":{"line":15,"column":44},"end":{"line":15,"column":null}}],"line":15},"3":{"loc":{"start":{"line":20,"column":4},"end":{"line":20,"column":null}},"type":"if","locations":[{"start":{"line":20,"column":4},"end":{"line":20,"column":null}},{"start":{},"end":{}}],"line":20},"4":{"loc":{"start":{"line":36,"column":18},"end":{"line":36,"column":null}},"type":"cond-expr","locations":[{"start":{"line":36,"column":62},"end":{"line":36,"column":78}},{"start":{"line":36,"column":78},"end":{"line":36,"column":null}}],"line":36},"5":{"loc":{"start":{"line":36,"column":18},"end":{"line":36,"column":62}},"type":"binary-expr","locations":[{"start":{"line":36,"column":18},"end":{"line":36,"column":35}},{"start":{"line":36,"column":35},"end":{"line":36,"column":62}}],"line":36},"6":{"loc":{"start":{"line":47,"column":19},"end":{"line":47,"column":null}},"type":"cond-expr","locations":[{"start":{"line":47,"column":28},"end":{"line":47,"column":53}},{"start":{"line":47,"column":53},"end":{"line":47,"column":null}}],"line":47},"7":{"loc":{"start":{"line":58,"column":23},"end":{"line":58,"column":null}},"type":"binary-expr","locations":[{"start":{"line":58,"column":23},"end":{"line":58,"column":46}},{"start":{"line":58,"column":46},"end":{"line":58,"column":null}}],"line":58},"8":{"loc":{"start":{"line":59,"column":23},"end":{"line":59,"column":null}},"type":"binary-expr","locations":[{"start":{"line":59,"column":23},"end":{"line":59,"column":44}},{"start":{"line":59,"column":44},"end":{"line":59,"column":null}}],"line":59},"9":{"loc":{"start":{"line":64,"column":4},"end":{"line":68,"column":null}},"type":"if","locations":[{"start":{"line":64,"column":4},"end":{"line":68,"column":null}},{"start":{},"end":{}}],"line":64},"10":{"loc":{"start":{"line":72,"column":20},"end":{"line":72,"column":null}},"type":"binary-expr","locations":[{"start":{"line":72,"column":20},"end":{"line":72,"column":46}},{"start":{"line":72,"column":46},"end":{"line":72,"column":null}}],"line":72}},"s":{"0":2,"1":2,"2":2,"3":0,"4":1,"5":0,"6":1,"7":1,"8":0,"9":1,"10":0,"11":1,"12":1,"13":1,"14":0,"15":1,"16":1,"17":1,"18":1,"19":1,"20":1,"21":0,"22":0,"23":0,"24":0,"25":1,"26":1,"27":1},"f":{"0":2,"1":0,"2":1,"3":0,"4":1,"5":1,"6":0,"7":1,"8":1},"b":{"0":[2],"1":[2],"2":[0,0],"3":[0,1],"4":[0,1],"5":[1,0],"6":[0,1],"7":[1,1],"8":[1,1],"9":[0,1],"10":[1,0]},"meta":{"lastBranch":11,"lastFunction":9,"lastStatement":28,"seen":{"s:7:9:7:Infinity":0,"f:9:2:9:Infinity":0,"b:10:22:10:Infinity":0,"b:11:27:11:Infinity":1,"s:10:12:10:22":1,"s:11:12:11:27":2,"f:14:2:14:10":1,"s:15:4:15:Infinity":3,"b:15:11:15:44:15:44:15:Infinity":2,"f:19:8:19:40":2,"b:20:4:20:Infinity:undefined:undefined:undefined:undefined":3,"s:20:4:20:Infinity":4,"s:20:23:20:Infinity":5,"s:22:4:26:Infinity":6,"s:23:18:23:76":7,"s:24:6:24:Infinity":8,"s:26:6:26:Infinity":9,"f:30:8:30:48":3,"s:31:4:31:Infinity":10,"f:34:8:34:17":4,"s:36:18:36:Infinity":11,"b:36:62:36:78:36:78:36:Infinity":4,"b:36:18:36:35:36:35:36:62":5,"s:38:19:41:17":12,"f:39:7:39:15":5,"s:39:21:39:41":13,"f:40:7:40:12":6,"s:40:18:40:28":14,"s:42:17:45:17":15,"f:43:7:43:15":7,"s:43:21:43:39":16,"f:44:7:44:12":8,"s:44:18:44:28":17,"s:47:19:47:Infinity":18,"b:47:28:47:53:47:53:47:Infinity":6,"s:50:16:62:6":19,"b:58:23:58:46:58:46:58:Infinity":7,"b:59:23:59:44:59:44:59:Infinity":8,"b:64:4:68:Infinity:undefined:undefined:undefined:undefined":9,"s:64:4:68:Infinity":20,"s:65:19:65:35":21,"s:66:18:66:77":22,"s:67:7:67:Infinity":23,"s:68:6:68:Infinity":24,"s:71:18:71:34":25,"s:72:20:72:Infinity":26,"b:72:20:72:46:72:46:72:Infinity":10,"s:74:4:79:Infinity":27}}}
}
