{"C:\\Users\\dshp3\\BunkerGame\\automation-client\\src\\core\\llm\\LLMManager.ts": {"path":"C:\\Users\\dshp3\\BunkerGame\\automation-client\\src\\core\\llm\\LLMManager.ts","statementMap":{"0":{"start":{"line":7,"column":22},"end":{"line":7,"column":52}},"1":{"start":{"line":8,"column":46},"end":{"line":8,"column":null}},"2":{"start":{"line":10,"column":44},"end":{"line":17,"column":null}},"3":{"start":{"line":24,"column":4},"end":{"line":24,"column":null}},"4":{"start":{"line":25,"column":4},"end":{"line":25,"column":null}},"5":{"start":{"line":26,"column":4},"end":{"line":26,"column":null}},"6":{"start":{"line":30,"column":4},"end":{"line":30,"column":null}},"7":{"start":{"line":31,"column":4},"end":{"line":31,"column":null}},"8":{"start":{"line":31,"column":34},"end":{"line":31,"column":null}},"9":{"start":{"line":35,"column":4},"end":{"line":36,"column":null}},"10":{"start":{"line":36,"column":6},"end":{"line":36,"column":null}},"11":{"start":{"line":38,"column":4},"end":{"line":38,"column":null}},"12":{"start":{"line":42,"column":4},"end":{"line":42,"column":null}},"13":{"start":{"line":46,"column":4},"end":{"line":46,"column":null}},"14":{"start":{"line":50,"column":4},"end":{"line":50,"column":null}},"15":{"start":{"line":50,"column":34},"end":{"line":50,"column":null}},"16":{"start":{"line":53,"column":28},"end":{"line":53,"column":72}},"17":{"start":{"line":54,"column":23},"end":{"line":54,"column":114}},"18":{"start":{"line":56,"column":16},"end":{"line":56,"column":null}},"19":{"start":{"line":56,"column":45},"end":{"line":56,"column":65}},"20":{"start":{"line":57,"column":17},"end":{"line":61,"column":20}},"21":{"start":{"line":58,"column":21},"end":{"line":58,"column":39}},"22":{"start":{"line":59,"column":18},"end":{"line":59,"column":28}},"23":{"start":{"line":62,"column":4},"end":{"line":64,"column":null}},"24":{"start":{"line":63,"column":56},"end":{"line":63,"column":63}},"25":{"start":{"line":65,"column":4},"end":{"line":70,"column":null}},"26":{"start":{"line":72,"column":27},"end":{"line":72,"column":null}},"27":{"start":{"line":74,"column":23},"end":{"line":74,"column":null}},"28":{"start":{"line":75,"column":4},"end":{"line":99,"column":null}},"29":{"start":{"line":76,"column":23},"end":{"line":76,"column":null}},"30":{"start":{"line":77,"column":24},"end":{"line":77,"column":71}},"31":{"start":{"line":77,"column":65},"end":{"line":77,"column":71}},"32":{"start":{"line":78,"column":6},"end":{"line":82,"column":null}},"33":{"start":{"line":79,"column":8},"end":{"line":81,"column":null}},"34":{"start":{"line":82,"column":8},"end":{"line":82,"column":null}},"35":{"start":{"line":85,"column":6},"end":{"line":85,"column":null}},"36":{"start":{"line":87,"column":6},"end":{"line":99,"column":null}},"37":{"start":{"line":88,"column":8},"end":{"line":88,"column":null}},"38":{"start":{"line":90,"column":8},"end":{"line":90,"column":null}},"39":{"start":{"line":91,"column":20},"end":{"line":91,"column":null}},"40":{"start":{"line":92,"column":21},"end":{"line":92,"column":56}},"41":{"start":{"line":93,"column":8},"end":{"line":95,"column":null}},"42":{"start":{"line":98,"column":8},"end":{"line":99,"column":null}},"43":{"start":{"line":99,"column":10},"end":{"line":99,"column":null}},"44":{"start":{"line":104,"column":4},"end":{"line":104,"column":null}},"45":{"start":{"line":108,"column":4},"end":{"line":108,"column":null}},"46":{"start":{"line":108,"column":34},"end":{"line":108,"column":null}},"47":{"start":{"line":109,"column":19},"end":{"line":109,"column":null}},"48":{"start":{"line":110,"column":25},"end":{"line":112,"column":null}},"49":{"start":{"line":112,"column":50},"end":{"line":112,"column":63}},"50":{"start":{"line":116,"column":4},"end":{"line":117,"column":null}},"51":{"start":{"line":117,"column":6},"end":{"line":117,"column":null}},"52":{"start":{"line":117,"column":40},"end":{"line":117,"column":null}},"53":{"start":{"line":120,"column":37},"end":{"line":120,"column":39}},"54":{"start":{"line":121,"column":4},"end":{"line":123,"column":null}},"55":{"start":{"line":122,"column":16},"end":{"line":122,"column":40}},"56":{"start":{"line":123,"column":6},"end":{"line":123,"column":null}},"57":{"start":{"line":123,"column":13},"end":{"line":123,"column":null}},"58":{"start":{"line":125,"column":4},"end":{"line":126,"column":null}},"59":{"start":{"line":126,"column":6},"end":{"line":126,"column":null}},"60":{"start":{"line":128,"column":4},"end":{"line":128,"column":null}},"61":{"start":{"line":132,"column":4},"end":{"line":132,"column":null}},"62":{"start":{"line":140,"column":29},"end":{"line":140,"column":null}},"63":{"start":{"line":141,"column":4},"end":{"line":162,"column":null}},"64":{"start":{"line":141,"column":23},"end":{"line":141,"column":26}},"65":{"start":{"line":142,"column":6},"end":{"line":162,"column":null}},"66":{"start":{"line":143,"column":20},"end":{"line":146,"column":null}},"67":{"start":{"line":148,"column":24},"end":{"line":148,"column":71}},"68":{"start":{"line":149,"column":8},"end":{"line":151,"column":null}},"69":{"start":{"line":152,"column":8},"end":{"line":152,"column":null}},"70":{"start":{"line":154,"column":8},"end":{"line":154,"column":null}},"71":{"start":{"line":155,"column":24},"end":{"line":155,"column":null}},"72":{"start":{"line":156,"column":21},"end":{"line":156,"column":61}},"73":{"start":{"line":157,"column":8},"end":{"line":159,"column":null}},"74":{"start":{"line":161,"column":8},"end":{"line":161,"column":null}},"75":{"start":{"line":161,"column":74},"end":{"line":161,"column":null}},"76":{"start":{"line":162,"column":8},"end":{"line":162,"column":null}},"77":{"start":{"line":162,"column":33},"end":{"line":162,"column":55}},"78":{"start":{"line":165,"column":4},"end":{"line":167,"column":null}},"79":{"start":{"line":176,"column":4},"end":{"line":187,"column":null}},"80":{"start":{"line":178,"column":8},"end":{"line":178,"column":null}},"81":{"start":{"line":178,"column":19},"end":{"line":178,"column":null}},"82":{"start":{"line":181,"column":8},"end":{"line":185,"column":null}},"83":{"start":{"line":182,"column":22},"end":{"line":182,"column":72}},"84":{"start":{"line":183,"column":11},"end":{"line":183,"column":null}},"85":{"start":{"line":184,"column":10},"end":{"line":184,"column":null}},"86":{"start":{"line":191,"column":17},"end":{"line":191,"column":null}},"87":{"start":{"line":192,"column":4},"end":{"line":200,"column":null}},"88":{"start":{"line":193,"column":6},"end":{"line":200,"column":null}},"89":{"start":{"line":200,"column":8},"end":{"line":200,"column":null}},"90":{"start":{"line":204,"column":16},"end":{"line":204,"column":null}},"91":{"start":{"line":205,"column":4},"end":{"line":211,"column":null}},"92":{"start":{"line":211,"column":6},"end":{"line":211,"column":null}},"93":{"start":{"line":212,"column":4},"end":{"line":212,"column":null}},"94":{"start":{"line":212,"column":70},"end":{"line":212,"column":null}},"95":{"start":{"line":213,"column":4},"end":{"line":213,"column":null}},"96":{"start":{"line":213,"column":33},"end":{"line":213,"column":null}},"97":{"start":{"line":214,"column":4},"end":{"line":219,"column":null}},"98":{"start":{"line":219,"column":6},"end":{"line":219,"column":null}},"99":{"start":{"line":220,"column":4},"end":{"line":220,"column":null}},"100":{"start":{"line":220,"column":54},"end":{"line":220,"column":null}},"101":{"start":{"line":221,"column":4},"end":{"line":221,"column":null}}},"fnMap":{"0":{"name":"(anonymous_0)","decl":{"start":{"line":23,"column":2},"end":{"line":23,"column":14}},"loc":{"start":{"line":23,"column":45},"end":{"line":26,"column":null}},"line":23},"1":{"name":"(anonymous_1)","decl":{"start":{"line":29,"column":2},"end":{"line":29,"column":19}},"loc":{"start":{"line":29,"column":42},"end":{"line":31,"column":null}},"line":29},"2":{"name":"(anonymous_2)","decl":{"start":{"line":34,"column":2},"end":{"line":34,"column":20}},"loc":{"start":{"line":34,"column":34},"end":{"line":38,"column":null}},"line":34},"3":{"name":"(anonymous_3)","decl":{"start":{"line":41,"column":2},"end":{"line":41,"column":27}},"loc":{"start":{"line":41,"column":44},"end":{"line":42,"column":null}},"line":41},"4":{"name":"(anonymous_4)","decl":{"start":{"line":45,"column":2},"end":{"line":45,"column":26}},"loc":{"start":{"line":45,"column":26},"end":{"line":46,"column":null}},"line":45},"5":{"name":"(anonymous_5)","decl":{"start":{"line":49,"column":8},"end":{"line":49,"column":17}},"loc":{"start":{"line":49,"column":73},"end":{"line":104,"column":null}},"line":49},"6":{"name":"(anonymous_6)","decl":{"start":{"line":56,"column":33},"end":{"line":56,"column":39}},"loc":{"start":{"line":56,"column":45},"end":{"line":56,"column":65}},"line":56},"7":{"name":"(anonymous_7)","decl":{"start":{"line":58,"column":7},"end":{"line":58,"column":15}},"loc":{"start":{"line":58,"column":21},"end":{"line":58,"column":39}},"line":58},"8":{"name":"(anonymous_8)","decl":{"start":{"line":59,"column":7},"end":{"line":59,"column":12}},"loc":{"start":{"line":59,"column":18},"end":{"line":59,"column":28}},"line":59},"9":{"name":"(anonymous_9)","decl":{"start":{"line":63,"column":45},"end":{"line":63,"column":50}},"loc":{"start":{"line":63,"column":56},"end":{"line":63,"column":63}},"line":63},"10":{"name":"(anonymous_10)","decl":{"start":{"line":77,"column":53},"end":{"line":77,"column":65}},"loc":{"start":{"line":77,"column":65},"end":{"line":77,"column":71}},"line":77},"11":{"name":"(anonymous_11)","decl":{"start":{"line":107,"column":2},"end":{"line":107,"column":10}},"loc":{"start":{"line":107,"column":45},"end":{"line":128,"column":null}},"line":107},"12":{"name":"(anonymous_12)","decl":{"start":{"line":112,"column":36},"end":{"line":112,"column":44}},"loc":{"start":{"line":112,"column":50},"end":{"line":112,"column":63}},"line":112},"13":{"name":"(anonymous_13)","decl":{"start":{"line":131,"column":2},"end":{"line":131,"column":10}},"loc":{"start":{"line":131,"column":60},"end":{"line":132,"column":null}},"line":131},"14":{"name":"(anonymous_14)","decl":{"start":{"line":135,"column":16},"end":{"line":135,"column":null}},"loc":{"start":{"line":139,"column":26},"end":{"line":167,"column":null}},"line":139},"15":{"name":"(anonymous_15)","decl":{"start":{"line":162,"column":18},"end":{"line":162,"column":27}},"loc":{"start":{"line":162,"column":33},"end":{"line":162,"column":55}},"line":162},"16":{"name":"(anonymous_16)","decl":{"start":{"line":170,"column":16},"end":{"line":170,"column":null}},"loc":{"start":{"line":174,"column":16},"end":{"line":187,"column":null}},"line":174},"17":{"name":"(anonymous_17)","decl":{"start":{"line":177,"column":8},"end":{"line":177,"column":22}},"loc":{"start":{"line":177,"column":22},"end":{"line":179,"column":null}},"line":177},"18":{"name":"(anonymous_18)","decl":{"start":{"line":180,"column":10},"end":{"line":180,"column":22}},"loc":{"start":{"line":180,"column":36},"end":{"line":186,"column":null}},"line":180},"19":{"name":"(anonymous_19)","decl":{"start":{"line":181,"column":16},"end":{"line":181,"column":33}},"loc":{"start":{"line":181,"column":33},"end":{"line":185,"column":21}},"line":181},"20":{"name":"(anonymous_20)","decl":{"start":{"line":190,"column":2},"end":{"line":190,"column":10}},"loc":{"start":{"line":190,"column":60},"end":{"line":221,"column":null}},"line":190}},"branchMap":{"0":{"loc":{"start":{"line":31,"column":4},"end":{"line":31,"column":null}},"type":"if","locations":[{"start":{"line":31,"column":4},"end":{"line":31,"column":null}},{"start":{},"end":{}}],"line":31},"1":{"loc":{"start":{"line":35,"column":4},"end":{"line":36,"column":null}},"type":"if","locations":[{"start":{"line":35,"column":4},"end":{"line":36,"column":null}},{"start":{},"end":{}}],"line":35},"2":{"loc":{"start":{"line":49,"column":38},"end":{"line":49,"column":73}},"type":"default-arg","locations":[{"start":{"line":49,"column":48},"end":{"line":49,"column":73}}],"line":49},"3":{"loc":{"start":{"line":50,"column":4},"end":{"line":50,"column":null}},"type":"if","locations":[{"start":{"line":50,"column":4},"end":{"line":50,"column":null}},{"start":{},"end":{}}],"line":50},"4":{"loc":{"start":{"line":54,"column":23},"end":{"line":54,"column":114}},"type":"cond-expr","locations":[{"start":{"line":54,"column":41},"end":{"line":54,"column":87}},{"start":{"line":54,"column":90},"end":{"line":54,"column":114}}],"line":54},"5":{"loc":{"start":{"line":56,"column":16},"end":{"line":56,"column":null}},"type":"binary-expr","locations":[{"start":{"line":56,"column":16},"end":{"line":56,"column":78}},{"start":{"line":56,"column":78},"end":{"line":56,"column":null}}],"line":56},"6":{"loc":{"start":{"line":78,"column":6},"end":{"line":82,"column":null}},"type":"if","locations":[{"start":{"line":78,"column":6},"end":{"line":82,"column":null}},{"start":{},"end":{}}],"line":78},"7":{"loc":{"start":{"line":94,"column":83},"end":{"line":94,"column":108}},"type":"binary-expr","locations":[{"start":{"line":94,"column":83},"end":{"line":94,"column":99}},{"start":{"line":94,"column":99},"end":{"line":94,"column":108}}],"line":94},"8":{"loc":{"start":{"line":98,"column":8},"end":{"line":99,"column":null}},"type":"if","locations":[{"start":{"line":98,"column":8},"end":{"line":99,"column":null}},{"start":{},"end":{}}],"line":98},"9":{"loc":{"start":{"line":104,"column":10},"end":{"line":104,"column":78}},"type":"cond-expr","locations":[{"start":{"line":104,"column":37},"end":{"line":104,"column":47}},{"start":{"line":104,"column":47},"end":{"line":104,"column":78}}],"line":104},"10":{"loc":{"start":{"line":108,"column":4},"end":{"line":108,"column":null}},"type":"if","locations":[{"start":{"line":108,"column":4},"end":{"line":108,"column":null}},{"start":{},"end":{}}],"line":108},"11":{"loc":{"start":{"line":117,"column":6},"end":{"line":117,"column":null}},"type":"if","locations":[{"start":{"line":117,"column":6},"end":{"line":117,"column":null}},{"start":{},"end":{}}],"line":117},"12":{"loc":{"start":{"line":123,"column":6},"end":{"line":123,"column":null}},"type":"if","locations":[{"start":{"line":123,"column":6},"end":{"line":123,"column":null}},{"start":{},"end":{}}],"line":123},"13":{"loc":{"start":{"line":125,"column":4},"end":{"line":126,"column":null}},"type":"if","locations":[{"start":{"line":125,"column":4},"end":{"line":126,"column":null}},{"start":{},"end":{}}],"line":125},"14":{"loc":{"start":{"line":132,"column":11},"end":{"line":132,"column":null}},"type":"binary-expr","locations":[{"start":{"line":132,"column":11},"end":{"line":132,"column":33}},{"start":{"line":132,"column":33},"end":{"line":132,"column":53}},{"start":{"line":132,"column":53},"end":{"line":132,"column":75}},{"start":{"line":132,"column":75},"end":{"line":132,"column":null}}],"line":132},"15":{"loc":{"start":{"line":161,"column":8},"end":{"line":161,"column":null}},"type":"if","locations":[{"start":{"line":161,"column":8},"end":{"line":161,"column":null}},{"start":{},"end":{}}],"line":161},"16":{"loc":{"start":{"line":161,"column":12},"end":{"line":161,"column":74}},"type":"binary-expr","locations":[{"start":{"line":161,"column":12},"end":{"line":161,"column":38}},{"start":{"line":161,"column":38},"end":{"line":161,"column":58}},{"start":{"line":161,"column":58},"end":{"line":161,"column":74}}],"line":161},"17":{"loc":{"start":{"line":165,"column":10},"end":{"line":167,"column":39}},"type":"cond-expr","locations":[{"start":{"line":166,"column":8},"end":{"line":166,"column":null}},{"start":{"line":167,"column":8},"end":{"line":167,"column":39}}],"line":165},"18":{"loc":{"start":{"line":178,"column":8},"end":{"line":178,"column":null}},"type":"if","locations":[{"start":{"line":178,"column":8},"end":{"line":178,"column":null}},{"start":{},"end":{}}],"line":178},"19":{"loc":{"start":{"line":192,"column":4},"end":{"line":200,"column":null}},"type":"if","locations":[{"start":{"line":192,"column":4},"end":{"line":200,"column":null}},{"start":{},"end":{}}],"line":192},"20":{"loc":{"start":{"line":193,"column":6},"end":{"line":200,"column":null}},"type":"if","locations":[{"start":{"line":193,"column":6},"end":{"line":200,"column":null}},{"start":{},"end":{}}],"line":193},"21":{"loc":{"start":{"line":194,"column":8},"end":{"line":198,"column":null}},"type":"binary-expr","locations":[{"start":{"line":194,"column":8},"end":{"line":194,"column":null}},{"start":{"line":195,"column":8},"end":{"line":195,"column":null}},{"start":{"line":196,"column":8},"end":{"line":196,"column":null}},{"start":{"line":197,"column":8},"end":{"line":197,"column":null}},{"start":{"line":198,"column":8},"end":{"line":198,"column":null}}],"line":194},"22":{"loc":{"start":{"line":204,"column":16},"end":{"line":204,"column":null}},"type":"cond-expr","locations":[{"start":{"line":204,"column":31},"end":{"line":204,"column":64}},{"start":{"line":204,"column":67},"end":{"line":204,"column":null}}],"line":204},"23":{"loc":{"start":{"line":205,"column":4},"end":{"line":211,"column":null}},"type":"if","locations":[{"start":{"line":205,"column":4},"end":{"line":211,"column":null}},{"start":{},"end":{}}],"line":205},"24":{"loc":{"start":{"line":206,"column":6},"end":{"line":209,"column":25}},"type":"binary-expr","locations":[{"start":{"line":206,"column":6},"end":{"line":206,"column":29}},{"start":{"line":207,"column":6},"end":{"line":207,"column":34}},{"start":{"line":208,"column":6},"end":{"line":208,"column":30}},{"start":{"line":209,"column":6},"end":{"line":209,"column":25}}],"line":206},"25":{"loc":{"start":{"line":212,"column":4},"end":{"line":212,"column":null}},"type":"if","locations":[{"start":{"line":212,"column":4},"end":{"line":212,"column":null}},{"start":{},"end":{}}],"line":212},"26":{"loc":{"start":{"line":212,"column":8},"end":{"line":212,"column":68}},"type":"binary-expr","locations":[{"start":{"line":212,"column":8},"end":{"line":212,"column":39}},{"start":{"line":212,"column":43},"end":{"line":212,"column":68}}],"line":212},"27":{"loc":{"start":{"line":213,"column":4},"end":{"line":213,"column":null}},"type":"if","locations":[{"start":{"line":213,"column":4},"end":{"line":213,"column":null}},{"start":{},"end":{}}],"line":213},"28":{"loc":{"start":{"line":214,"column":4},"end":{"line":219,"column":null}},"type":"if","locations":[{"start":{"line":214,"column":4},"end":{"line":219,"column":null}},{"start":{},"end":{}}],"line":214},"29":{"loc":{"start":{"line":215,"column":6},"end":{"line":217,"column":26}},"type":"binary-expr","locations":[{"start":{"line":215,"column":6},"end":{"line":215,"column":29}},{"start":{"line":216,"column":6},"end":{"line":216,"column":37}},{"start":{"line":217,"column":6},"end":{"line":217,"column":26}}],"line":215},"30":{"loc":{"start":{"line":220,"column":4},"end":{"line":220,"column":null}},"type":"if","locations":[{"start":{"line":220,"column":4},"end":{"line":220,"column":null}},{"start":{},"end":{}}],"line":220}},"s":{"0":2,"1":2,"2":2,"3":2,"4":2,"5":2,"6":2,"7":2,"8":1,"9":1,"10":0,"11":1,"12":0,"13":0,"14":2,"15":1,"16":1,"17":1,"18":2,"19":1,"20":2,"21":1,"22":1,"23":2,"24":2,"25":2,"26":2,"27":2,"28":2,"29":2,"30":2,"31":0,"32":2,"33":1,"34":1,"35":1,"36":1,"37":1,"38":0,"39":0,"40":0,"41":0,"42":0,"43":0,"44":0,"45":1,"46":0,"47":1,"48":1,"49":6,"50":1,"51":2,"52":1,"53":1,"54":1,"55":8,"56":8,"57":2,"58":1,"59":0,"60":1,"61":0,"62":1,"63":1,"64":1,"65":1,"66":1,"67":1,"68":1,"69":1,"70":0,"71":0,"72":0,"73":0,"74":0,"75":0,"76":0,"77":0,"78":0,"79":1,"80":1,"81":1,"82":1,"83":0,"84":0,"85":0,"86":0,"87":0,"88":0,"89":0,"90":0,"91":0,"92":0,"93":0,"94":0,"95":0,"96":0,"97":0,"98":0,"99":0,"100":0,"101":0},"f":{"0":2,"1":2,"2":1,"3":0,"4":0,"5":2,"6":1,"7":1,"8":1,"9":2,"10":0,"11":1,"12":6,"13":0,"14":1,"15":0,"16":1,"17":1,"18":1,"19":0,"20":0},"b":{"0":[1,1],"1":[0,1],"2":[2],"3":[1,1],"4":[0,1],"5":[2,1],"6":[1,1],"7":[0,0],"8":[0,0],"9":[0,0],"10":[0,1],"11":[1,1],"12":[2,6],"13":[0,1],"14":[0,0,0,0],"15":[0,0],"16":[0,0,0],"17":[0,0],"18":[1,0],"19":[0,0],"20":[0,0],"21":[0,0,0,0,0],"22":[0,0],"23":[0,0],"24":[0,0,0,0],"25":[0,0],"26":[0,0],"27":[0,0],"28":[0,0],"29":[0,0,0],"30":[0,0]},"meta":{"lastBranch":31,"lastFunction":21,"lastStatement":102,"seen":{"s:7:22:7:52":0,"s:8:46:8:Infinity":1,"s:10:44:17:Infinity":2,"f:23:2:23:14":0,"s:24:4:24:Infinity":3,"s:25:4:25:Infinity":4,"s:26:4:26:Infinity":5,"f:29:2:29:19":1,"s:30:4:30:Infinity":6,"b:31:4:31:Infinity:undefined:undefined:undefined:undefined":0,"s:31:4:31:Infinity":7,"s:31:34:31:Infinity":8,"f:34:2:34:20":2,"b:35:4:36:Infinity:undefined:undefined:undefined:undefined":1,"s:35:4:36:Infinity":9,"s:36:6:36:Infinity":10,"s:38:4:38:Infinity":11,"f:41:2:41:27":3,"s:42:4:42:Infinity":12,"f:45:2:45:26":4,"s:46:4:46:Infinity":13,"f:49:8:49:17":5,"b:49:48:49:73":2,"b:50:4:50:Infinity:undefined:undefined:undefined:undefined":3,"s:50:4:50:Infinity":14,"s:50:34:50:Infinity":15,"s:53:28:53:72":16,"s:54:23:54:114":17,"b:54:41:54:87:54:90:54:114":4,"s:56:16:56:Infinity":18,"b:56:16:56:78:56:78:56:Infinity":5,"f:56:33:56:39":6,"s:56:45:56:65":19,"s:57:17:61:20":20,"f:58:7:58:15":7,"s:58:21:58:39":21,"f:59:7:59:12":8,"s:59:18:59:28":22,"s:62:4:64:Infinity":23,"f:63:45:63:50":9,"s:63:56:63:63":24,"s:65:4:70:Infinity":25,"s:72:27:72:Infinity":26,"s:74:23:74:Infinity":27,"s:75:4:99:Infinity":28,"s:76:23:76:Infinity":29,"s:77:24:77:71":30,"f:77:53:77:65":10,"s:77:65:77:71":31,"b:78:6:82:Infinity:undefined:undefined:undefined:undefined":6,"s:78:6:82:Infinity":32,"s:79:8:81:Infinity":33,"s:82:8:82:Infinity":34,"s:85:6:85:Infinity":35,"s:87:6:99:Infinity":36,"s:88:8:88:Infinity":37,"s:90:8:90:Infinity":38,"s:91:20:91:Infinity":39,"s:92:21:92:56":40,"s:93:8:95:Infinity":41,"b:94:83:94:99:94:99:94:108":7,"b:98:8:99:Infinity:undefined:undefined:undefined:undefined":8,"s:98:8:99:Infinity":42,"s:99:10:99:Infinity":43,"s:104:4:104:Infinity":44,"b:104:37:104:47:104:47:104:78":9,"f:107:2:107:10":11,"b:108:4:108:Infinity:undefined:undefined:undefined:undefined":10,"s:108:4:108:Infinity":45,"s:108:34:108:Infinity":46,"s:109:19:109:Infinity":47,"s:110:25:112:Infinity":48,"f:112:36:112:44":12,"s:112:50:112:63":49,"s:116:4:117:Infinity":50,"b:117:6:117:Infinity:undefined:undefined:undefined:undefined":11,"s:117:6:117:Infinity":51,"s:117:40:117:Infinity":52,"s:120:37:120:39":53,"s:121:4:123:Infinity":54,"s:122:16:122:40":55,"b:123:6:123:Infinity:undefined:undefined:undefined:undefined":12,"s:123:6:123:Infinity":56,"s:123:13:123:Infinity":57,"b:125:4:126:Infinity:undefined:undefined:undefined:undefined":13,"s:125:4:126:Infinity":58,"s:126:6:126:Infinity":59,"s:128:4:128:Infinity":60,"f:131:2:131:10":13,"s:132:4:132:Infinity":61,"b:132:11:132:33:132:33:132:53:132:53:132:75:132:75:132:Infinity":14,"f:135:16:135:Infinity":14,"s:140:29:140:Infinity":62,"s:141:4:162:Infinity":63,"s:141:23:141:26":64,"s:142:6:162:Infinity":65,"s:143:20:146:Infinity":66,"s:148:24:148:71":67,"s:149:8:151:Infinity":68,"s:152:8:152:Infinity":69,"s:154:8:154:Infinity":70,"s:155:24:155:Infinity":71,"s:156:21:156:61":72,"s:157:8:159:Infinity":73,"b:161:8:161:Infinity:undefined:undefined:undefined:undefined":15,"s:161:8:161:Infinity":74,"b:161:12:161:38:161:38:161:58:161:58:161:74":16,"s:161:74:161:Infinity":75,"s:162:8:162:Infinity":76,"f:162:18:162:27":15,"s:162:33:162:55":77,"s:165:4:167:Infinity":78,"b:166:8:166:Infinity:167:8:167:39":17,"f:170:16:170:Infinity":16,"s:176:4:187:Infinity":79,"f:177:8:177:22":17,"b:178:8:178:Infinity:undefined:undefined:undefined:undefined":18,"s:178:8:178:Infinity":80,"s:178:19:178:Infinity":81,"f:180:10:180:22":18,"s:181:8:185:Infinity":82,"f:181:16:181:33":19,"s:182:22:182:72":83,"s:183:11:183:Infinity":84,"s:184:10:184:Infinity":85,"f:190:2:190:10":20,"s:191:17:191:Infinity":86,"b:192:4:200:Infinity:undefined:undefined:undefined:undefined":19,"s:192:4:200:Infinity":87,"b:193:6:200:Infinity:undefined:undefined:undefined:undefined":20,"s:193:6:200:Infinity":88,"b:194:8:194:Infinity:195:8:195:Infinity:196:8:196:Infinity:197:8:197:Infinity:198:8:198:Infinity":21,"s:200:8:200:Infinity":89,"s:204:16:204:Infinity":90,"b:204:31:204:64:204:67:204:Infinity":22,"b:205:4:211:Infinity:undefined:undefined:undefined:undefined":23,"s:205:4:211:Infinity":91,"b:206:6:206:29:207:6:207:34:208:6:208:30:209:6:209:25":24,"s:211:6:211:Infinity":92,"b:212:4:212:Infinity:undefined:undefined:undefined:undefined":25,"s:212:4:212:Infinity":93,"b:212:8:212:39:212:43:212:68":26,"s:212:70:212:Infinity":94,"b:213:4:213:Infinity:undefined:undefined:undefined:undefined":27,"s:213:4:213:Infinity":95,"s:213:33:213:Infinity":96,"b:214:4:219:Infinity:undefined:undefined:undefined:undefined":28,"s:214:4:219:Infinity":97,"b:215:6:215:29:216:6:216:37:217:6:217:26":29,"s:219:6:219:Infinity":98,"b:220:4:220:Infinity:undefined:undefined:undefined:undefined":30,"s:220:4:220:Infinity":99,"s:220:54:220:Infinity":100,"s:221:4:221:Infinity":101}}}
,"C:\\Users\\dshp3\\BunkerGame\\automation-client\\src\\core\\llm\\providers\\OllamaProvider.ts": {"path":"C:\\Users\\dshp3\\BunkerGame\\automation-client\\src\\core\\llm\\providers\\OllamaProvider.ts","statementMap":{"0":{"start":{"line":7,"column":9},"end":{"line":7,"column":null}},"1":{"start":{"line":11,"column":12},"end":{"line":11,"column":22}},"2":{"start":{"line":12,"column":12},"end":{"line":12,"column":27}},"3":{"start":{"line":15,"column":4},"end":{"line":15,"column":null}},"4":{"start":{"line":19,"column":4},"end":{"line":19,"column":null}},"5":{"start":{"line":24,"column":4},"end":{"line":26,"column":null}},"6":{"start":{"line":25,"column":6},"end":{"line":25,"column":null}},"7":{"start":{"line":26,"column":6},"end":{"line":26,"column":null}},"8":{"start":{"line":29,"column":4},"end":{"line":43,"column":null}},"9":{"start":{"line":30,"column":18},"end":{"line":30,"column":null}},"10":{"start":{"line":31,"column":6},"end":{"line":31,"column":null}},"11":{"start":{"line":32,"column":18},"end":{"line":32,"column":53}},"12":{"start":{"line":33,"column":24},"end":{"line":33,"column":null}},"13":{"start":{"line":34,"column":6},"end":{"line":37,"column":null}},"14":{"start":{"line":35,"column":8},"end":{"line":35,"column":null}},"15":{"start":{"line":37,"column":8},"end":{"line":37,"column":null}},"16":{"start":{"line":39,"column":6},"end":{"line":39,"column":null}},"17":{"start":{"line":41,"column":18},"end":{"line":41,"column":null}},"18":{"start":{"line":42,"column":6},"end":{"line":42,"column":null}},"19":{"start":{"line":43,"column":6},"end":{"line":43,"column":null}},"20":{"start":{"line":48,"column":4},"end":{"line":48,"column":null}},"21":{"start":{"line":53,"column":18},"end":{"line":53,"column":null}},"22":{"start":{"line":55,"column":19},"end":{"line":58,"column":17}},"23":{"start":{"line":56,"column":21},"end":{"line":56,"column":41}},"24":{"start":{"line":57,"column":18},"end":{"line":57,"column":28}},"25":{"start":{"line":59,"column":17},"end":{"line":62,"column":17}},"26":{"start":{"line":60,"column":21},"end":{"line":60,"column":39}},"27":{"start":{"line":61,"column":18},"end":{"line":61,"column":28}},"28":{"start":{"line":64,"column":19},"end":{"line":64,"column":null}},"29":{"start":{"line":66,"column":4},"end":{"line":66,"column":null}},"30":{"start":{"line":69,"column":16},"end":{"line":81,"column":6}},"31":{"start":{"line":83,"column":4},"end":{"line":89,"column":null}},"32":{"start":{"line":84,"column":19},"end":{"line":84,"column":35}},"33":{"start":{"line":85,"column":21},"end":{"line":85,"column":null}},"34":{"start":{"line":86,"column":6},"end":{"line":86,"column":null}},"35":{"start":{"line":87,"column":18},"end":{"line":87,"column":35}},"36":{"start":{"line":88,"column":7},"end":{"line":88,"column":null}},"37":{"start":{"line":89,"column":6},"end":{"line":89,"column":null}},"38":{"start":{"line":92,"column":18},"end":{"line":92,"column":34}},"39":{"start":{"line":93,"column":20},"end":{"line":93,"column":null}},"40":{"start":{"line":94,"column":4},"end":{"line":94,"column":null}},"41":{"start":{"line":96,"column":4},"end":{"line":101,"column":null}}},"fnMap":{"0":{"name":"(anonymous_0)","decl":{"start":{"line":10,"column":2},"end":{"line":10,"column":null}},"loc":{"start":{"line":14,"column":4},"end":{"line":15,"column":null}},"line":14},"1":{"name":"(anonymous_1)","decl":{"start":{"line":18,"column":2},"end":{"line":18,"column":10}},"loc":{"start":{"line":18,"column":22},"end":{"line":19,"column":null}},"line":18},"2":{"name":"(anonymous_2)","decl":{"start":{"line":23,"column":8},"end":{"line":23,"column":40}},"loc":{"start":{"line":23,"column":40},"end":{"line":43,"column":null}},"line":23},"3":{"name":"(anonymous_3)","decl":{"start":{"line":47,"column":8},"end":{"line":47,"column":48}},"loc":{"start":{"line":47,"column":48},"end":{"line":48,"column":null}},"line":47},"4":{"name":"(anonymous_4)","decl":{"start":{"line":51,"column":8},"end":{"line":51,"column":17}},"loc":{"start":{"line":51,"column":60},"end":{"line":101,"column":null}},"line":51},"5":{"name":"(anonymous_5)","decl":{"start":{"line":56,"column":7},"end":{"line":56,"column":15}},"loc":{"start":{"line":56,"column":21},"end":{"line":56,"column":41}},"line":56},"6":{"name":"(anonymous_6)","decl":{"start":{"line":57,"column":7},"end":{"line":57,"column":12}},"loc":{"start":{"line":57,"column":18},"end":{"line":57,"column":28}},"line":57},"7":{"name":"(anonymous_7)","decl":{"start":{"line":60,"column":7},"end":{"line":60,"column":15}},"loc":{"start":{"line":60,"column":21},"end":{"line":60,"column":39}},"line":60},"8":{"name":"(anonymous_8)","decl":{"start":{"line":61,"column":7},"end":{"line":61,"column":12}},"loc":{"start":{"line":61,"column":18},"end":{"line":61,"column":28}},"line":61}},"branchMap":{"0":{"loc":{"start":{"line":11,"column":4},"end":{"line":11,"column":null}},"type":"default-arg","locations":[{"start":{"line":11,"column":22},"end":{"line":11,"column":null}}],"line":11},"1":{"loc":{"start":{"line":12,"column":4},"end":{"line":12,"column":null}},"type":"default-arg","locations":[{"start":{"line":12,"column":27},"end":{"line":12,"column":null}}],"line":12},"2":{"loc":{"start":{"line":19,"column":11},"end":{"line":19,"column":null}},"type":"binary-expr","locations":[{"start":{"line":19,"column":11},"end":{"line":19,"column":44}},{"start":{"line":19,"column":44},"end":{"line":19,"column":null}}],"line":19},"3":{"loc":{"start":{"line":24,"column":4},"end":{"line":26,"column":null}},"type":"if","locations":[{"start":{"line":24,"column":4},"end":{"line":26,"column":null}},{"start":{},"end":{}}],"line":24},"4":{"loc":{"start":{"line":34,"column":6},"end":{"line":37,"column":null}},"type":"if","locations":[{"start":{"line":34,"column":6},"end":{"line":37,"column":null}},{"start":{"line":36,"column":13},"end":{"line":37,"column":null}}],"line":34},"5":{"loc":{"start":{"line":53,"column":18},"end":{"line":53,"column":null}},"type":"cond-expr","locations":[{"start":{"line":53,"column":62},"end":{"line":53,"column":78}},{"start":{"line":53,"column":78},"end":{"line":53,"column":null}}],"line":53},"6":{"loc":{"start":{"line":53,"column":18},"end":{"line":53,"column":62}},"type":"binary-expr","locations":[{"start":{"line":53,"column":18},"end":{"line":53,"column":35}},{"start":{"line":53,"column":35},"end":{"line":53,"column":62}}],"line":53},"7":{"loc":{"start":{"line":64,"column":19},"end":{"line":64,"column":null}},"type":"cond-expr","locations":[{"start":{"line":64,"column":28},"end":{"line":64,"column":53}},{"start":{"line":64,"column":53},"end":{"line":64,"column":null}}],"line":64},"8":{"loc":{"start":{"line":77,"column":23},"end":{"line":77,"column":null}},"type":"binary-expr","locations":[{"start":{"line":77,"column":23},"end":{"line":77,"column":46}},{"start":{"line":77,"column":46},"end":{"line":77,"column":null}}],"line":77},"9":{"loc":{"start":{"line":78,"column":23},"end":{"line":78,"column":null}},"type":"binary-expr","locations":[{"start":{"line":78,"column":23},"end":{"line":78,"column":44}},{"start":{"line":78,"column":44},"end":{"line":78,"column":null}}],"line":78},"10":{"loc":{"start":{"line":83,"column":4},"end":{"line":89,"column":null}},"type":"if","locations":[{"start":{"line":83,"column":4},"end":{"line":89,"column":null}},{"start":{},"end":{}}],"line":83},"11":{"loc":{"start":{"line":93,"column":20},"end":{"line":93,"column":null}},"type":"binary-expr","locations":[{"start":{"line":93,"column":20},"end":{"line":93,"column":46}},{"start":{"line":93,"column":46},"end":{"line":93,"column":null}}],"line":93}},"s":{"0":2,"1":2,"2":2,"3":2,"4":0,"5":1,"6":0,"7":0,"8":1,"9":1,"10":1,"11":1,"12":0,"13":0,"14":0,"15":0,"16":0,"17":1,"18":1,"19":1,"20":0,"21":1,"22":1,"23":1,"24":0,"25":1,"26":1,"27":1,"28":1,"29":1,"30":1,"31":1,"32":0,"33":0,"34":0,"35":0,"36":0,"37":0,"38":1,"39":1,"40":1,"41":1},"f":{"0":2,"1":0,"2":1,"3":0,"4":1,"5":1,"6":0,"7":1,"8":1},"b":{"0":[2],"1":[2],"2":[0,0],"3":[0,1],"4":[0,0],"5":[0,1],"6":[1,0],"7":[0,1],"8":[1,1],"9":[1,1],"10":[0,1],"11":[1,0]},"meta":{"lastBranch":12,"lastFunction":9,"lastStatement":42,"seen":{"s:7:9:7:Infinity":0,"f:10:2:10:Infinity":0,"b:11:22:11:Infinity":0,"b:12:27:12:Infinity":1,"s:11:12:11:22":1,"s:12:12:12:27":2,"s:15:4:15:Infinity":3,"f:18:2:18:10":1,"s:19:4:19:Infinity":4,"b:19:11:19:44:19:44:19:Infinity":2,"f:23:8:23:40":2,"b:24:4:26:Infinity:undefined:undefined:undefined:undefined":3,"s:24:4:26:Infinity":5,"s:25:6:25:Infinity":6,"s:26:6:26:Infinity":7,"s:29:4:43:Infinity":8,"s:30:18:30:Infinity":9,"s:31:6:31:Infinity":10,"s:32:18:32:53":11,"s:33:24:33:Infinity":12,"b:34:6:37:Infinity:36:13:37:Infinity":4,"s:34:6:37:Infinity":13,"s:35:8:35:Infinity":14,"s:37:8:37:Infinity":15,"s:39:6:39:Infinity":16,"s:41:18:41:Infinity":17,"s:42:6:42:Infinity":18,"s:43:6:43:Infinity":19,"f:47:8:47:48":3,"s:48:4:48:Infinity":20,"f:51:8:51:17":4,"s:53:18:53:Infinity":21,"b:53:62:53:78:53:78:53:Infinity":5,"b:53:18:53:35:53:35:53:62":6,"s:55:19:58:17":22,"f:56:7:56:15":5,"s:56:21:56:41":23,"f:57:7:57:12":6,"s:57:18:57:28":24,"s:59:17:62:17":25,"f:60:7:60:15":7,"s:60:21:60:39":26,"f:61:7:61:12":8,"s:61:18:61:28":27,"s:64:19:64:Infinity":28,"b:64:28:64:53:64:53:64:Infinity":7,"s:66:4:66:Infinity":29,"s:69:16:81:6":30,"b:77:23:77:46:77:46:77:Infinity":8,"b:78:23:78:44:78:44:78:Infinity":9,"b:83:4:89:Infinity:undefined:undefined:undefined:undefined":10,"s:83:4:89:Infinity":31,"s:84:19:84:35":32,"s:85:21:85:Infinity":33,"s:86:6:86:Infinity":34,"s:87:18:87:35":35,"s:88:7:88:Infinity":36,"s:89:6:89:Infinity":37,"s:92:18:92:34":38,"s:93:20:93:Infinity":39,"b:93:20:93:46:93:46:93:Infinity":11,"s:94:4:94:Infinity":40,"s:96:4:101:Infinity":41}}}
}
